<?xml version="1.0" encoding="UTF-8"?>
<!-- Generated by org.testng.reporters.JUnitXMLReporter -->
<testsuite hostname="DESKTOP-6GJULPT" name="Test" tests="3" failures="0" timestamp="20 May 2020 19:47:52 GMT" time="33.818" errors="0">
  <testcase name="MouseOverWebDevelopment" time="24.047" classname="Udemy.WebDevelopment"/>
  <testcase name="Filter" time="9.134" classname="Udemy.ApplyFilters"/>
  <testcase name="GetDetails" time="0.612" classname="Udemy.GetCourseDetails"/>
</testsuite> <!-- Test -->
