<?xml version="1.0" encoding="UTF-8"?>
<!-- Generated by org.testng.reporters.JUnitXMLReporter -->
<testsuite hostname="DESKTOP-6GJULPT" ignored="0" name="Test" tests="3" failures="0" timestamp="20 May 2020 20:04:39 GMT" time="35.503" errors="0">
  <testcase name="MouseOverWebDevelopment" time="20.566" classname="Udemy.WebDevelopment"/>
  <testcase name="Filter" time="9.17" classname="Udemy.ApplyFilters"/>
  <testcase name="GetDetails" time="5.742" classname="Udemy.GetCourseDetails"/>
</testsuite> <!-- Test -->
